# JRE version: Java(TM) SE Runtime Environment (8.0_201-b09) (build 1.8.0_201-b09)
# Java VM: Java HotSpot(TM) 64-Bit Server VM (25.201-b09 mixed mode windows-amd64 compressed oops)
Heap:
 PSYoungGen      total 451584K, used 208643K [0x00000000d5e00000, 0x00000000fb080000, 0x0000000100000000)
  eden space 427520K, 46% used [0x00000000d5e00000,0x00000000e2015e28,0x00000000eff80000)
  from space 24064K, 41% used [0x00000000f1c00000,0x00000000f25aafe8,0x00000000f3380000)
  to   space 29184K, 0% used [0x00000000eff80000,0x00000000eff80000,0x00000000f1c00000)
 ParOldGen       total 156160K, used 112272K [0x0000000081a00000, 0x000000008b280000, 0x00000000d5e00000)
  object space 156160K, 71% used [0x0000000081a00000,0x00000000887a4358,0x000000008b280000)
 Metaspace       used 35380K, capacity 36510K, committed 36864K, reserved 1081344K
  class space    used 3978K, capacity 4253K, committed 4352K, reserved 1048576K
GC Heap History (10 events):
Event: 17.363 GC heap before
{Heap before GC invocations=14 (full 2):
 PSYoungGen      total 272384K, used 246784K [0x00000000d5e00000, 0x00000000ee080000, 0x0000000100000000)
  eden space 246784K, 100% used [0x00000000d5e00000,0x00000000e4f00000,0x00000000e4f00000)
  from space 25600K, 0% used [0x00000000e4f00000,0x00000000e4f00000,0x00000000e6800000)
  to   space 25600K, 0% used [0x00000000ec780000,0x00000000ec780000,0x00000000ee080000)
 ParOldGen       total 156160K, used 66380K [0x0000000081a00000, 0x000000008b280000, 0x00000000d5e00000)
  object space 156160K, 42% used [0x0000000081a00000,0x0000000085ad3280,0x000000008b280000)
 Metaspace       used 25508K, capacity 26184K, committed 26368K, reserved 1073152K
  class space    used 2870K, capacity 3021K, committed 3072K, reserved 1048576K
Event: 17.371 GC heap after
Heap after GC invocations=14 (full 2):
 PSYoungGen      total 337408K, used 4912K [0x00000000d5e00000, 0x00000000ed080000, 0x0000000100000000)
  eden space 328192K, 0% used [0x00000000d5e00000,0x00000000d5e00000,0x00000000e9e80000)
  from space 9216K, 53% used [0x00000000ec780000,0x00000000ecc4c0c0,0x00000000ed080000)
  to   space 25600K, 0% used [0x00000000e9e80000,0x00000000e9e80000,0x00000000eb780000)
 ParOldGen       total 156160K, used 66380K [0x0000000081a00000, 0x000000008b280000, 0x00000000d5e00000)
  object space 156160K, 42% used [0x0000000081a00000,0x0000000085ad3280,0x000000008b280000)
 Metaspace       used 25508K, capacity 26184K, committed 26368K, reserved 1073152K
  class space    used 2870K, capacity 3021K, committed 3072K, reserved 1048576K
}
Event: 18.431 GC heap before
{Heap before GC invocations=15 (full 2):
 PSYoungGen      total 337408K, used 333104K [0x00000000d5e00000, 0x00000000ed080000, 0x0000000100000000)
  eden space 328192K, 100% used [0x00000000d5e00000,0x00000000e9e80000,0x00000000e9e80000)
  from space 9216K, 53% used [0x00000000ec780000,0x00000000ecc4c0c0,0x00000000ed080000)
  to   space 25600K, 0% used [0x00000000e9e80000,0x00000000e9e80000,0x00000000eb780000)
 ParOldGen       total 156160K, used 66380K [0x0000000081a00000, 0x000000008b280000, 0x00000000d5e00000)
  object space 156160K, 42% used [0x0000000081a00000,0x0000000085ad3280,0x000000008b280000)
 Metaspace       used 25619K, capacity 26320K, committed 26368K, reserved 1073152K
  class space    used 2878K, capacity 3024K, committed 3072K, reserved 1048576K
Event: 18.447 GC heap after
Heap after GC invocations=15 (full 2):
 PSYoungGen      total 353792K, used 11620K [0x00000000d5e00000, 0x00000000f3380000, 0x0000000100000000)
  eden space 328192K, 0% used [0x00000000d5e00000,0x00000000d5e00000,0x00000000e9e80000)
  from space 25600K, 45% used [0x00000000e9e80000,0x00000000ea9d9288,0x00000000eb780000)
  to   space 24064K, 0% used [0x00000000f1c00000,0x00000000f1c00000,0x00000000f3380000)
 ParOldGen       total 156160K, used 71153K [0x0000000081a00000, 0x000000008b280000, 0x00000000d5e00000)
  object space 156160K, 45% used [0x0000000081a00000,0x0000000085f7c4c0,0x000000008b280000)
 Metaspace       used 25619K, capacity 26320K, committed 26368K, reserved 1073152K
  class space    used 2878K, capacity 3024K, committed 3072K, reserved 1048576K
}
Event: 20.854 GC heap before
{Heap before GC invocations=16 (full 2):
 PSYoungGen      total 353792K, used 339812K [0x00000000d5e00000, 0x00000000f3380000, 0x0000000100000000)
  eden space 328192K, 100% used [0x00000000d5e00000,0x00000000e9e80000,0x00000000e9e80000)
  from space 25600K, 45% used [0x00000000e9e80000,0x00000000ea9d9288,0x00000000eb780000)
  to   space 24064K, 0% used [0x00000000f1c00000,0x00000000f1c00000,0x00000000f3380000)
 ParOldGen       total 156160K, used 71153K [0x0000000081a00000, 0x000000008b280000, 0x00000000d5e00000)
  object space 156160K, 45% used [0x0000000081a00000,0x0000000085f7c4c0,0x000000008b280000)
 Metaspace       used 27387K, capacity 28080K, committed 28288K, reserved 1075200K
  class space    used 2999K, capacity 3120K, committed 3200K, reserved 1048576K
Event: 20.913 GC heap after
Heap after GC invocations=16 (full 2):
 PSYoungGen      total 454144K, used 21028K [0x00000000d5e00000, 0x00000000f3b80000, 0x0000000100000000)
  eden space 430080K, 0% used [0x00000000d5e00000,0x00000000d5e00000,0x00000000f0200000)
  from space 24064K, 87% used [0x00000000f1c00000,0x00000000f3089228,0x00000000f3380000)
  to   space 26624K, 0% used [0x00000000f0200000,0x00000000f0200000,0x00000000f1c00000)
 ParOldGen       total 156160K, used 82000K [0x0000000081a00000, 0x000000008b280000, 0x00000000d5e00000)
  object space 156160K, 52% used [0x0000000081a00000,0x0000000086a14078,0x000000008b280000)
 Metaspace       used 27387K, capacity 28080K, committed 28288K, reserved 1075200K
  class space    used 2999K, capacity 3120K, committed 3200K, reserved 1048576K
}
Event: 26.877 GC heap before
{Heap before GC invocations=17 (full 2):
 PSYoungGen      total 454144K, used 451108K [0x00000000d5e00000, 0x00000000f3b80000, 0x0000000100000000)
  eden space 430080K, 100% used [0x00000000d5e00000,0x00000000f0200000,0x00000000f0200000)
  from space 24064K, 87% used [0x00000000f1c00000,0x00000000f3089228,0x00000000f3380000)
  to   space 26624K, 0% used [0x00000000f0200000,0x00000000f0200000,0x00000000f1c00000)
 ParOldGen       total 156160K, used 82000K [0x0000000081a00000, 0x000000008b280000, 0x00000000d5e00000)
  object space 156160K, 52% used [0x0000000081a00000,0x0000000086a14078,0x000000008b280000)
 Metaspace       used 31989K, capacity 32918K, committed 33024K, reserved 1079296K
  class space    used 3526K, capacity 3804K, committed 3840K, reserved 1048576K
Event: 26.977 GC heap after
Heap after GC invocations=17 (full 2):
 PSYoungGen      total 456704K, used 26065K [0x00000000d5e00000, 0x00000000f3b80000, 0x0000000100000000)
  eden space 430080K, 0% used [0x00000000d5e00000,0x00000000d5e00000,0x00000000f0200000)
  from space 26624K, 97% used [0x00000000f0200000,0x00000000f1b746a0,0x00000000f1c00000)
  to   space 24064K, 0% used [0x00000000f1c00000,0x00000000f1c00000,0x00000000f3380000)
 ParOldGen       total 156160K, used 102639K [0x0000000081a00000, 0x000000008b280000, 0x00000000d5e00000)
  object space 156160K, 65% used [0x0000000081a00000,0x0000000087e3be58,0x000000008b280000)
 Metaspace       used 31989K, capacity 32918K, committed 33024K, reserved 1079296K
  class space    used 3526K, capacity 3804K, committed 3840K, reserved 1048576K
}
Event: 41.869 GC heap before
{Heap before GC invocations=18 (full 2):
 PSYoungGen      total 456704K, used 456145K [0x00000000d5e00000, 0x00000000f3b80000, 0x0000000100000000)
  eden space 430080K, 100% used [0x00000000d5e00000,0x00000000f0200000,0x00000000f0200000)
  from space 26624K, 97% used [0x00000000f0200000,0x00000000f1b746a0,0x00000000f1c00000)
  to   space 24064K, 0% used [0x00000000f1c00000,0x00000000f1c00000,0x00000000f3380000)
 ParOldGen       total 156160K, used 102639K [0x0000000081a00000, 0x000000008b280000, 0x00000000d5e00000)
  object space 156160K, 65% used [0x0000000081a00000,0x0000000087e3be58,0x000000008b280000)
 Metaspace       used 34365K, capacity 35386K, committed 35712K, reserved 1081344K
  class space    used 3849K, capacity 4113K, committed 4224K, reserved 1048576K
Event: 41.886 GC heap after
Heap after GC invocations=18 (full 2):
 PSYoungGen      total 451584K, used 9899K [0x00000000d5e00000, 0x00000000fb080000, 0x0000000100000000)
  eden space 427520K, 0% used [0x00000000d5e00000,0x00000000d5e00000,0x00000000eff80000)
  from space 24064K, 41% used [0x00000000f1c00000,0x00000000f25aafe8,0x00000000f3380000)
  to   space 29184K, 0% used [0x00000000eff80000,0x00000000eff80000,0x00000000f1c00000)
 ParOldGen       total 156160K, used 112272K [0x0000000081a00000, 0x000000008b280000, 0x00000000d5e00000)
  object space 156160K, 71% used [0x0000000081a00000,0x00000000887a4358,0x000000008b280000)
 Metaspace       used 34365K, capacity 35386K, committed 35712K, reserved 1081344K
  class space    used 3849K, capacity 4113K, committed 4224K, reserved 1048576K
}

