# JRE version: Java(TM) SE Runtime Environment (8.0_201-b09) (build 1.8.0_201-b09)
# Java VM: Java HotSpot(TM) 64-Bit Server VM (25.201-b09 mixed mode windows-amd64 compressed oops)
Heap:
 PSYoungGen      total 458752K, used 111401K [0x00000000d5e00000, 0x00000000faf00000, 0x0000000100000000)
  eden space 433664K, 19% used [0x00000000d5e00000,0x00000000db24ae80,0x00000000f0580000)
  from space 25088K, 99% used [0x00000000f0580000,0x00000000f1dff5e8,0x00000000f1e00000)
  to   space 31744K, 0% used [0x00000000f9000000,0x00000000f9000000,0x00000000faf00000)
 ParOldGen       total 144384K, used 74351K [0x0000000081a00000, 0x000000008a700000, 0x00000000d5e00000)
  object space 144384K, 51% used [0x0000000081a00000,0x000000008629bc40,0x000000008a700000)
 Metaspace       used 27372K, capacity 28012K, committed 28288K, reserved 1075200K
  class space    used 3000K, capacity 3120K, committed 3200K, reserved 1048576K
GC Heap History (10 events):
Event: 27.819 GC heap before
{Heap before GC invocations=11 (full 1):
 PSYoungGen      total 272384K, used 272378K [0x00000000d5e00000, 0x00000000ebd80000, 0x0000000100000000)
  eden space 249856K, 100% used [0x00000000d5e00000,0x00000000e5200000,0x00000000e5200000)
  from space 22528K, 99% used [0x00000000e5200000,0x00000000e67fea90,0x00000000e6800000)
  to   space 27136K, 0% used [0x00000000ea300000,0x00000000ea300000,0x00000000ebd80000)
 ParOldGen       total 73216K, used 39416K [0x0000000081a00000, 0x0000000086180000, 0x00000000d5e00000)
  object space 73216K, 53% used [0x0000000081a00000,0x000000008407e0a8,0x0000000086180000)
 Metaspace       used 25496K, capacity 26180K, committed 26368K, reserved 1073152K
  class space    used 2870K, capacity 3021K, committed 3072K, reserved 1048576K
Event: 27.843 GC heap after
Heap after GC invocations=11 (full 1):
 PSYoungGen      total 334336K, used 12502K [0x00000000d5e00000, 0x00000000ef000000, 0x0000000100000000)
  eden space 307200K, 0% used [0x00000000d5e00000,0x00000000d5e00000,0x00000000e8a00000)
  from space 27136K, 46% used [0x00000000ea300000,0x00000000eaf358c0,0x00000000ebd80000)
  to   space 25600K, 0% used [0x00000000e8a00000,0x00000000e8a00000,0x00000000ea300000)
 ParOldGen       total 73216K, used 53644K [0x0000000081a00000, 0x0000000086180000, 0x00000000d5e00000)
  object space 73216K, 73% used [0x0000000081a00000,0x0000000084e633d0,0x0000000086180000)
 Metaspace       used 25496K, capacity 26180K, committed 26368K, reserved 1073152K
  class space    used 2870K, capacity 3021K, committed 3072K, reserved 1048576K
}
Event: 28.528 GC heap before
{Heap before GC invocations=12 (full 1):
 PSYoungGen      total 334336K, used 319702K [0x00000000d5e00000, 0x00000000ef000000, 0x0000000100000000)
  eden space 307200K, 100% used [0x00000000d5e00000,0x00000000e8a00000,0x00000000e8a00000)
  from space 27136K, 46% used [0x00000000ea300000,0x00000000eaf358c0,0x00000000ebd80000)
  to   space 25600K, 0% used [0x00000000e8a00000,0x00000000e8a00000,0x00000000ea300000)
 ParOldGen       total 73216K, used 53644K [0x0000000081a00000, 0x0000000086180000, 0x00000000d5e00000)
  object space 73216K, 73% used [0x0000000081a00000,0x0000000084e633d0,0x0000000086180000)
 Metaspace       used 25508K, capacity 26180K, committed 26368K, reserved 1073152K
  class space    used 2870K, capacity 3021K, committed 3072K, reserved 1048576K
Event: 28.560 GC heap after
Heap after GC invocations=12 (full 1):
 PSYoungGen      total 332800K, used 6176K [0x00000000d5e00000, 0x00000000f4800000, 0x0000000100000000)
  eden space 307200K, 0% used [0x00000000d5e00000,0x00000000d5e00000,0x00000000e8a00000)
  from space 25600K, 24% used [0x00000000e8a00000,0x00000000e9008190,0x00000000ea300000)
  to   space 25600K, 0% used [0x00000000f2f00000,0x00000000f2f00000,0x00000000f4800000)
 ParOldGen       total 73216K, used 65929K [0x0000000081a00000, 0x0000000086180000, 0x00000000d5e00000)
  object space 73216K, 90% used [0x0000000081a00000,0x0000000085a62670,0x0000000086180000)
 Metaspace       used 25508K, capacity 26180K, committed 26368K, reserved 1073152K
  class space    used 2870K, capacity 3021K, committed 3072K, reserved 1048576K
}
Event: 28.560 GC heap before
{Heap before GC invocations=13 (full 2):
 PSYoungGen      total 332800K, used 6176K [0x00000000d5e00000, 0x00000000f4800000, 0x0000000100000000)
  eden space 307200K, 0% used [0x00000000d5e00000,0x00000000d5e00000,0x00000000e8a00000)
  from space 25600K, 24% used [0x00000000e8a00000,0x00000000e9008190,0x00000000ea300000)
  to   space 25600K, 0% used [0x00000000f2f00000,0x00000000f2f00000,0x00000000f4800000)
 ParOldGen       total 73216K, used 65929K [0x0000000081a00000, 0x0000000086180000, 0x00000000d5e00000)
  object space 73216K, 90% used [0x0000000081a00000,0x0000000085a62670,0x0000000086180000)
 Metaspace       used 25508K, capacity 26180K, committed 26368K, reserved 1073152K
  class space    used 2870K, capacity 3021K, committed 3072K, reserved 1048576K
Event: 28.978 GC heap after
Heap after GC invocations=13 (full 2):
 PSYoungGen      total 332800K, used 0K [0x00000000d5e00000, 0x00000000f4800000, 0x0000000100000000)
  eden space 307200K, 0% used [0x00000000d5e00000,0x00000000d5e00000,0x00000000e8a00000)
  from space 25600K, 0% used [0x00000000e8a00000,0x00000000e8a00000,0x00000000ea300000)
  to   space 25600K, 0% used [0x00000000f2f00000,0x00000000f2f00000,0x00000000f4800000)
 ParOldGen       total 144384K, used 66214K [0x0000000081a00000, 0x000000008a700000, 0x00000000d5e00000)
  object space 144384K, 45% used [0x0000000081a00000,0x0000000085aa9aa8,0x000000008a700000)
 Metaspace       used 25508K, capacity 26180K, committed 26368K, reserved 1073152K
  class space    used 2870K, capacity 3021K, committed 3072K, reserved 1048576K
}
Event: 29.756 GC heap before
{Heap before GC invocations=14 (full 2):
 PSYoungGen      total 332800K, used 307200K [0x00000000d5e00000, 0x00000000f4800000, 0x0000000100000000)
  eden space 307200K, 100% used [0x00000000d5e00000,0x00000000e8a00000,0x00000000e8a00000)
  from space 25600K, 0% used [0x00000000e8a00000,0x00000000e8a00000,0x00000000ea300000)
  to   space 25600K, 0% used [0x00000000f2f00000,0x00000000f2f00000,0x00000000f4800000)
 ParOldGen       total 144384K, used 66214K [0x0000000081a00000, 0x000000008a700000, 0x00000000d5e00000)
  object space 144384K, 45% used [0x0000000081a00000,0x0000000085aa9aa8,0x000000008a700000)
 Metaspace       used 25591K, capacity 26252K, committed 26368K, reserved 1073152K
  class space    used 2879K, capacity 3024K, committed 3072K, reserved 1048576K
Event: 29.772 GC heap after
Heap after GC invocations=14 (full 2):
 PSYoungGen      total 419328K, used 7536K [0x00000000d5e00000, 0x00000000f3680000, 0x0000000100000000)
  eden space 411648K, 0% used [0x00000000d5e00000,0x00000000d5e00000,0x00000000ef000000)
  from space 7680K, 98% used [0x00000000f2f00000,0x00000000f365c0f0,0x00000000f3680000)
  to   space 25088K, 0% used [0x00000000f0580000,0x00000000f0580000,0x00000000f1e00000)
 ParOldGen       total 144384K, used 66222K [0x0000000081a00000, 0x000000008a700000, 0x00000000d5e00000)
  object space 144384K, 45% used [0x0000000081a00000,0x0000000085aabaa8,0x000000008a700000)
 Metaspace       used 25591K, capacity 26252K, committed 26368K, reserved 1073152K
  class space    used 2879K, capacity 3024K, committed 3072K, reserved 1048576K
}
Event: 32.320 GC heap before
{Heap before GC invocations=15 (full 2):
 PSYoungGen      total 419328K, used 419184K [0x00000000d5e00000, 0x00000000f3680000, 0x0000000100000000)
  eden space 411648K, 100% used [0x00000000d5e00000,0x00000000ef000000,0x00000000ef000000)
  from space 7680K, 98% used [0x00000000f2f00000,0x00000000f365c0f0,0x00000000f3680000)
  to   space 25088K, 0% used [0x00000000f0580000,0x00000000f0580000,0x00000000f1e00000)
 ParOldGen       total 144384K, used 66222K [0x0000000081a00000, 0x000000008a700000, 0x00000000d5e00000)
  object space 144384K, 45% used [0x0000000081a00000,0x0000000085aabaa8,0x000000008a700000)
 Metaspace       used 27201K, capacity 27884K, committed 28032K, reserved 1075200K
  class space    used 2994K, capacity 3120K, committed 3200K, reserved 1048576K
Event: 32.353 GC heap after
Heap after GC invocations=15 (full 2):
 PSYoungGen      total 458752K, used 25085K [0x00000000d5e00000, 0x00000000faf00000, 0x0000000100000000)
  eden space 433664K, 0% used [0x00000000d5e00000,0x00000000d5e00000,0x00000000f0580000)
  from space 25088K, 99% used [0x00000000f0580000,0x00000000f1dff5e8,0x00000000f1e00000)
  to   space 31744K, 0% used [0x00000000f9000000,0x00000000f9000000,0x00000000faf00000)
 ParOldGen       total 144384K, used 74351K [0x0000000081a00000, 0x000000008a700000, 0x00000000d5e00000)
  object space 144384K, 51% used [0x0000000081a00000,0x000000008629bc40,0x000000008a700000)
 Metaspace       used 27201K, capacity 27884K, committed 28032K, reserved 1075200K
  class space    used 2994K, capacity 3120K, committed 3200K, reserved 1048576K
}

