# JRE version: Java(TM) SE Runtime Environment (8.0_201-b09) (build 1.8.0_201-b09)
# Java VM: Java HotSpot(TM) 64-Bit Server VM (25.201-b09 mixed mode windows-amd64 compressed oops)
Heap:
 PSYoungGen      total 458752K, used 166256K [0x00000000d5e00000, 0x00000000f3a80000, 0x0000000100000000)
  eden space 434688K, 34% used [0x00000000d5e00000,0x00000000df17a070,0x00000000f0680000)
  from space 24064K, 63% used [0x00000000f2200000,0x00000000f30e2150,0x00000000f3980000)
  to   space 26624K, 0% used [0x00000000f0680000,0x00000000f0680000,0x00000000f2080000)
 ParOldGen       total 153600K, used 112263K [0x0000000081a00000, 0x000000008b000000, 0x00000000d5e00000)
  object space 153600K, 73% used [0x0000000081a00000,0x00000000887a1d68,0x000000008b000000)
 Metaspace       used 35352K, capacity 36442K, committed 36608K, reserved 1081344K
  class space    used 3975K, capacity 4253K, committed 4352K, reserved 1048576K
GC Heap History (10 events):
Event: 21.949 GC heap before
{Heap before GC invocations=14 (full 2):
 PSYoungGen      total 272384K, used 246784K [0x00000000d5e00000, 0x00000000edb00000, 0x0000000100000000)
  eden space 246784K, 100% used [0x00000000d5e00000,0x00000000e4f00000,0x00000000e4f00000)
  from space 25600K, 0% used [0x00000000e4f00000,0x00000000e4f00000,0x00000000e6800000)
  to   space 25600K, 0% used [0x00000000ec200000,0x00000000ec200000,0x00000000edb00000)
 ParOldGen       total 153600K, used 66491K [0x0000000081a00000, 0x000000008b000000, 0x00000000d5e00000)
  object space 153600K, 43% used [0x0000000081a00000,0x0000000085aeeea0,0x000000008b000000)
 Metaspace       used 25542K, capacity 26180K, committed 26368K, reserved 1073152K
  class space    used 2870K, capacity 3021K, committed 3072K, reserved 1048576K
Event: 21.956 GC heap after
Heap after GC invocations=14 (full 2):
 PSYoungGen      total 349184K, used 4672K [0x00000000d5e00000, 0x00000000ed380000, 0x0000000100000000)
  eden space 331264K, 0% used [0x00000000d5e00000,0x00000000d5e00000,0x00000000ea180000)
  from space 17920K, 26% used [0x00000000ec200000,0x00000000ec6900b0,0x00000000ed380000)
  to   space 25600K, 0% used [0x00000000ea180000,0x00000000ea180000,0x00000000eba80000)
 ParOldGen       total 153600K, used 66491K [0x0000000081a00000, 0x000000008b000000, 0x00000000d5e00000)
  object space 153600K, 43% used [0x0000000081a00000,0x0000000085aeeea0,0x000000008b000000)
 Metaspace       used 25542K, capacity 26180K, committed 26368K, reserved 1073152K
  class space    used 2870K, capacity 3021K, committed 3072K, reserved 1048576K
}
Event: 23.149 GC heap before
{Heap before GC invocations=15 (full 2):
 PSYoungGen      total 349184K, used 335936K [0x00000000d5e00000, 0x00000000ed380000, 0x0000000100000000)
  eden space 331264K, 100% used [0x00000000d5e00000,0x00000000ea180000,0x00000000ea180000)
  from space 17920K, 26% used [0x00000000ec200000,0x00000000ec6900b0,0x00000000ed380000)
  to   space 25600K, 0% used [0x00000000ea180000,0x00000000ea180000,0x00000000eba80000)
 ParOldGen       total 153600K, used 66491K [0x0000000081a00000, 0x000000008b000000, 0x00000000d5e00000)
  object space 153600K, 43% used [0x0000000081a00000,0x0000000085aeeea0,0x000000008b000000)
 Metaspace       used 25657K, capacity 26316K, committed 26368K, reserved 1073152K
  class space    used 2879K, capacity 3024K, committed 3072K, reserved 1048576K
Event: 23.163 GC heap after
Heap after GC invocations=15 (full 2):
 PSYoungGen      total 356864K, used 11578K [0x00000000d5e00000, 0x00000000f3980000, 0x0000000100000000)
  eden space 331264K, 0% used [0x00000000d5e00000,0x00000000d5e00000,0x00000000ea180000)
  from space 25600K, 45% used [0x00000000ea180000,0x00000000eacce998,0x00000000eba80000)
  to   space 24064K, 0% used [0x00000000f2200000,0x00000000f2200000,0x00000000f3980000)
 ParOldGen       total 153600K, used 71020K [0x0000000081a00000, 0x000000008b000000, 0x00000000d5e00000)
  object space 153600K, 46% used [0x0000000081a00000,0x0000000085f5b0b0,0x000000008b000000)
 Metaspace       used 25657K, capacity 26316K, committed 26368K, reserved 1073152K
  class space    used 2879K, capacity 3024K, committed 3072K, reserved 1048576K
}
Event: 26.374 GC heap before
{Heap before GC invocations=16 (full 2):
 PSYoungGen      total 356864K, used 342842K [0x00000000d5e00000, 0x00000000f3980000, 0x0000000100000000)
  eden space 331264K, 100% used [0x00000000d5e00000,0x00000000ea180000,0x00000000ea180000)
  from space 25600K, 45% used [0x00000000ea180000,0x00000000eacce998,0x00000000eba80000)
  to   space 24064K, 0% used [0x00000000f2200000,0x00000000f2200000,0x00000000f3980000)
 ParOldGen       total 153600K, used 71020K [0x0000000081a00000, 0x000000008b000000, 0x00000000d5e00000)
  object space 153600K, 46% used [0x0000000081a00000,0x0000000085f5b0b0,0x000000008b000000)
 Metaspace       used 27422K, capacity 28076K, committed 28288K, reserved 1075200K
  class space    used 2999K, capacity 3120K, committed 3200K, reserved 1048576K
Event: 26.416 GC heap after
Heap after GC invocations=16 (full 2):
 PSYoungGen      total 458752K, used 21179K [0x00000000d5e00000, 0x00000000f3a80000, 0x0000000100000000)
  eden space 434688K, 0% used [0x00000000d5e00000,0x00000000d5e00000,0x00000000f0680000)
  from space 24064K, 88% used [0x00000000f2200000,0x00000000f36aec18,0x00000000f3980000)
  to   space 26624K, 0% used [0x00000000f0680000,0x00000000f0680000,0x00000000f2080000)
 ParOldGen       total 153600K, used 81938K [0x0000000081a00000, 0x000000008b000000, 0x00000000d5e00000)
  object space 153600K, 53% used [0x0000000081a00000,0x0000000086a04988,0x000000008b000000)
 Metaspace       used 27422K, capacity 28076K, committed 28288K, reserved 1075200K
  class space    used 2999K, capacity 3120K, committed 3200K, reserved 1048576K
}
Event: 42.087 GC heap before
{Heap before GC invocations=17 (full 2):
 PSYoungGen      total 458752K, used 455867K [0x00000000d5e00000, 0x00000000f3a80000, 0x0000000100000000)
  eden space 434688K, 100% used [0x00000000d5e00000,0x00000000f0680000,0x00000000f0680000)
  from space 24064K, 88% used [0x00000000f2200000,0x00000000f36aec18,0x00000000f3980000)
  to   space 26624K, 0% used [0x00000000f0680000,0x00000000f0680000,0x00000000f2080000)
 ParOldGen       total 153600K, used 81938K [0x0000000081a00000, 0x000000008b000000, 0x00000000d5e00000)
  object space 153600K, 53% used [0x0000000081a00000,0x0000000086a04988,0x000000008b000000)
 Metaspace       used 32009K, capacity 33042K, committed 33280K, reserved 1079296K
  class space    used 3524K, capacity 3804K, committed 3840K, reserved 1048576K
Event: 42.213 GC heap after
Heap after GC invocations=17 (full 2):
 PSYoungGen      total 461312K, used 25324K [0x00000000d5e00000, 0x00000000f3a80000, 0x0000000100000000)
  eden space 434688K, 0% used [0x00000000d5e00000,0x00000000d5e00000,0x00000000f0680000)
  from space 26624K, 95% used [0x00000000f0680000,0x00000000f1f3b050,0x00000000f2080000)
  to   space 24064K, 0% used [0x00000000f2200000,0x00000000f2200000,0x00000000f3980000)
 ParOldGen       total 153600K, used 102707K [0x0000000081a00000, 0x000000008b000000, 0x00000000d5e00000)
  object space 153600K, 66% used [0x0000000081a00000,0x0000000087e4cda0,0x000000008b000000)
 Metaspace       used 32009K, capacity 33042K, committed 33280K, reserved 1079296K
  class space    used 3524K, capacity 3804K, committed 3840K, reserved 1048576K
}
Event: 60.936 GC heap before
{Heap before GC invocations=18 (full 2):
 PSYoungGen      total 461312K, used 460012K [0x00000000d5e00000, 0x00000000f3a80000, 0x0000000100000000)
  eden space 434688K, 100% used [0x00000000d5e00000,0x00000000f0680000,0x00000000f0680000)
  from space 26624K, 95% used [0x00000000f0680000,0x00000000f1f3b050,0x00000000f2080000)
  to   space 24064K, 0% used [0x00000000f2200000,0x00000000f2200000,0x00000000f3980000)
 ParOldGen       total 153600K, used 102707K [0x0000000081a00000, 0x000000008b000000, 0x00000000d5e00000)
  object space 153600K, 66% used [0x0000000081a00000,0x0000000087e4cda0,0x000000008b000000)
 Metaspace       used 34375K, capacity 35382K, committed 35712K, reserved 1081344K
  class space    used 3846K, capacity 4113K, committed 4224K, reserved 1048576K
Event: 61.053 GC heap after
Heap after GC invocations=18 (full 2):
 PSYoungGen      total 458752K, used 15240K [0x00000000d5e00000, 0x00000000f3a80000, 0x0000000100000000)
  eden space 434688K, 0% used [0x00000000d5e00000,0x00000000d5e00000,0x00000000f0680000)
  from space 24064K, 63% used [0x00000000f2200000,0x00000000f30e2150,0x00000000f3980000)
  to   space 26624K, 0% used [0x00000000f0680000,0x00000000f0680000,0x00000000f2080000)
 ParOldGen       total 153600K, used 112263K [0x0000000081a00000, 0x000000008b000000, 0x00000000d5e00000)
  object space 153600K, 73% used [0x0000000081a00000,0x00000000887a1d68,0x000000008b000000)
 Metaspace       used 34375K, capacity 35382K, committed 35712K, reserved 1081344K
  class space    used 3846K, capacity 4113K, committed 4224K, reserved 1048576K
}

