# JRE version: Java(TM) SE Runtime Environment (8.0_201-b09) (build 1.8.0_201-b09)
# Java VM: Java HotSpot(TM) 64-Bit Server VM (25.201-b09 mixed mode windows-amd64 compressed oops)
Heap:
 PSYoungGen      total 449536K, used 122321K [0x00000000d5e00000, 0x00000000f9e80000, 0x0000000100000000)
  eden space 420864K, 23% used [0x00000000d5e00000,0x00000000dbe55530,0x00000000ef900000)
  from space 28672K, 82% used [0x00000000ef900000,0x00000000f101f050,0x00000000f1500000)
  to   space 31232K, 0% used [0x00000000f8000000,0x00000000f8000000,0x00000000f9e80000)
 ParOldGen       total 158208K, used 102817K [0x0000000081a00000, 0x000000008b480000, 0x00000000d5e00000)
  object space 158208K, 64% used [0x0000000081a00000,0x0000000087e68708,0x000000008b480000)
 Metaspace       used 32012K, capacity 32980K, committed 33024K, reserved 1079296K
  class space    used 3528K, capacity 3806K, committed 3840K, reserved 1048576K
GC Heap History (10 events):
Event: 14.455 GC heap before
{Heap before GC invocations=13 (full 2):
 PSYoungGen      total 272384K, used 4784K [0x00000000d5e00000, 0x00000000ed980000, 0x0000000100000000)
  eden space 246784K, 0% used [0x00000000d5e00000,0x00000000d5e00000,0x00000000e4f00000)
  from space 25600K, 18% used [0x00000000e4f00000,0x00000000e53ac0e0,0x00000000e6800000)
  to   space 25600K, 0% used [0x00000000ec080000,0x00000000ec080000,0x00000000ed980000)
 ParOldGen       total 82432K, used 66246K [0x0000000081a00000, 0x0000000086a80000, 0x00000000d5e00000)
  object space 82432K, 80% used [0x0000000081a00000,0x0000000085ab1bb0,0x0000000086a80000)
 Metaspace       used 25487K, capacity 26180K, committed 26368K, reserved 1073152K
  class space    used 2870K, capacity 3021K, committed 3072K, reserved 1048576K
Event: 14.689 GC heap after
Heap after GC invocations=13 (full 2):
 PSYoungGen      total 272384K, used 0K [0x00000000d5e00000, 0x00000000ed980000, 0x0000000100000000)
  eden space 246784K, 0% used [0x00000000d5e00000,0x00000000d5e00000,0x00000000e4f00000)
  from space 25600K, 0% used [0x00000000e4f00000,0x00000000e4f00000,0x00000000e6800000)
  to   space 25600K, 0% used [0x00000000ec080000,0x00000000ec080000,0x00000000ed980000)
 ParOldGen       total 158208K, used 66361K [0x0000000081a00000, 0x000000008b480000, 0x00000000d5e00000)
  object space 158208K, 41% used [0x0000000081a00000,0x0000000085ace4f8,0x000000008b480000)
 Metaspace       used 25487K, capacity 26180K, committed 26368K, reserved 1073152K
  class space    used 2870K, capacity 3021K, committed 3072K, reserved 1048576K
}
Event: 15.086 GC heap before
{Heap before GC invocations=14 (full 2):
 PSYoungGen      total 272384K, used 246784K [0x00000000d5e00000, 0x00000000ed980000, 0x0000000100000000)
  eden space 246784K, 100% used [0x00000000d5e00000,0x00000000e4f00000,0x00000000e4f00000)
  from space 25600K, 0% used [0x00000000e4f00000,0x00000000e4f00000,0x00000000e6800000)
  to   space 25600K, 0% used [0x00000000ec080000,0x00000000ec080000,0x00000000ed980000)
 ParOldGen       total 158208K, used 66361K [0x0000000081a00000, 0x000000008b480000, 0x00000000d5e00000)
  object space 158208K, 41% used [0x0000000081a00000,0x0000000085ace4f8,0x000000008b480000)
 Metaspace       used 25488K, capacity 26180K, committed 26368K, reserved 1073152K
  class space    used 2870K, capacity 3021K, committed 3072K, reserved 1048576K
Event: 15.096 GC heap after
Heap after GC invocations=14 (full 2):
 PSYoungGen      total 340480K, used 4640K [0x00000000d5e00000, 0x00000000ece00000, 0x0000000100000000)
  eden space 326656K, 0% used [0x00000000d5e00000,0x00000000d5e00000,0x00000000e9d00000)
  from space 13824K, 33% used [0x00000000ec080000,0x00000000ec5080b0,0x00000000ece00000)
  to   space 25088K, 0% used [0x00000000e9d00000,0x00000000e9d00000,0x00000000eb580000)
 ParOldGen       total 158208K, used 66361K [0x0000000081a00000, 0x000000008b480000, 0x00000000d5e00000)
  object space 158208K, 41% used [0x0000000081a00000,0x0000000085ace4f8,0x000000008b480000)
 Metaspace       used 25488K, capacity 26180K, committed 26368K, reserved 1073152K
  class space    used 2870K, capacity 3021K, committed 3072K, reserved 1048576K
}
Event: 16.188 GC heap before
{Heap before GC invocations=15 (full 2):
 PSYoungGen      total 340480K, used 331296K [0x00000000d5e00000, 0x00000000ece00000, 0x0000000100000000)
  eden space 326656K, 100% used [0x00000000d5e00000,0x00000000e9d00000,0x00000000e9d00000)
  from space 13824K, 33% used [0x00000000ec080000,0x00000000ec5080b0,0x00000000ece00000)
  to   space 25088K, 0% used [0x00000000e9d00000,0x00000000e9d00000,0x00000000eb580000)
 ParOldGen       total 158208K, used 66361K [0x0000000081a00000, 0x000000008b480000, 0x00000000d5e00000)
  object space 158208K, 41% used [0x0000000081a00000,0x0000000085ace4f8,0x000000008b480000)
 Metaspace       used 25609K, capacity 26252K, committed 26368K, reserved 1073152K
  class space    used 2878K, capacity 3024K, committed 3072K, reserved 1048576K
Event: 16.209 GC heap after
Heap after GC invocations=15 (full 2):
 PSYoungGen      total 351744K, used 17084K [0x00000000d5e00000, 0x00000000f3380000, 0x0000000100000000)
  eden space 326656K, 0% used [0x00000000d5e00000,0x00000000d5e00000,0x00000000e9d00000)
  from space 25088K, 68% used [0x00000000e9d00000,0x00000000eadaf0d8,0x00000000eb580000)
  to   space 26112K, 0% used [0x00000000f1a00000,0x00000000f1a00000,0x00000000f3380000)
 ParOldGen       total 158208K, used 70925K [0x0000000081a00000, 0x000000008b480000, 0x00000000d5e00000)
  object space 158208K, 44% used [0x0000000081a00000,0x0000000085f43718,0x000000008b480000)
 Metaspace       used 25609K, capacity 26252K, committed 26368K, reserved 1073152K
  class space    used 2878K, capacity 3024K, committed 3072K, reserved 1048576K
}
Event: 18.857 GC heap before
{Heap before GC invocations=16 (full 2):
 PSYoungGen      total 351744K, used 343740K [0x00000000d5e00000, 0x00000000f3380000, 0x0000000100000000)
  eden space 326656K, 100% used [0x00000000d5e00000,0x00000000e9d00000,0x00000000e9d00000)
  from space 25088K, 68% used [0x00000000e9d00000,0x00000000eadaf0d8,0x00000000eb580000)
  to   space 26112K, 0% used [0x00000000f1a00000,0x00000000f1a00000,0x00000000f3380000)
 ParOldGen       total 158208K, used 70925K [0x0000000081a00000, 0x000000008b480000, 0x00000000d5e00000)
  object space 158208K, 44% used [0x0000000081a00000,0x0000000085f43718,0x000000008b480000)
 Metaspace       used 27331K, capacity 28012K, committed 28288K, reserved 1075200K
  class space    used 2998K, capacity 3120K, committed 3200K, reserved 1048576K
Event: 18.883 GC heap after
Heap after GC invocations=16 (full 2):
 PSYoungGen      total 444416K, used 21907K [0x00000000d5e00000, 0x00000000f3100000, 0x0000000100000000)
  eden space 420864K, 0% used [0x00000000d5e00000,0x00000000d5e00000,0x00000000ef900000)
  from space 23552K, 93% used [0x00000000f1a00000,0x00000000f2f64d70,0x00000000f3100000)
  to   space 28672K, 0% used [0x00000000ef900000,0x00000000ef900000,0x00000000f1500000)
 ParOldGen       total 158208K, used 81356K [0x0000000081a00000, 0x000000008b480000, 0x00000000d5e00000)
  object space 158208K, 51% used [0x0000000081a00000,0x0000000086973078,0x000000008b480000)
 Metaspace       used 27331K, capacity 28012K, committed 28288K, reserved 1075200K
  class space    used 2998K, capacity 3120K, committed 3200K, reserved 1048576K
}
Event: 30.114 GC heap before
{Heap before GC invocations=17 (full 2):
 PSYoungGen      total 444416K, used 442771K [0x00000000d5e00000, 0x00000000f3100000, 0x0000000100000000)
  eden space 420864K, 100% used [0x00000000d5e00000,0x00000000ef900000,0x00000000ef900000)
  from space 23552K, 93% used [0x00000000f1a00000,0x00000000f2f64d70,0x00000000f3100000)
  to   space 28672K, 0% used [0x00000000ef900000,0x00000000ef900000,0x00000000f1500000)
 ParOldGen       total 158208K, used 81356K [0x0000000081a00000, 0x000000008b480000, 0x00000000d5e00000)
  object space 158208K, 51% used [0x0000000081a00000,0x0000000086973078,0x000000008b480000)
 Metaspace       used 31195K, capacity 32114K, committed 32128K, reserved 1077248K
  class space    used 3417K, capacity 3708K, committed 3712K, reserved 1048576K
Event: 30.152 GC heap after
Heap after GC invocations=17 (full 2):
 PSYoungGen      total 449536K, used 23676K [0x00000000d5e00000, 0x00000000f9e80000, 0x0000000100000000)
  eden space 420864K, 0% used [0x00000000d5e00000,0x00000000d5e00000,0x00000000ef900000)
  from space 28672K, 82% used [0x00000000ef900000,0x00000000f101f050,0x00000000f1500000)
  to   space 31232K, 0% used [0x00000000f8000000,0x00000000f8000000,0x00000000f9e80000)
 ParOldGen       total 158208K, used 102817K [0x0000000081a00000, 0x000000008b480000, 0x00000000d5e00000)
  object space 158208K, 64% used [0x0000000081a00000,0x0000000087e68708,0x000000008b480000)
 Metaspace       used 31195K, capacity 32114K, committed 32128K, reserved 1077248K
  class space    used 3417K, capacity 3708K, committed 3712K, reserved 1048576K
}

